{
  message: 'Зашли на страницу с регистрацией',
  level: 'info',
  timestamp: '2024-02-12T07:11:35.681Z'
}
{
  message: 'Сервер запущен на порту 3000',
  level: 'info',
  timestamp: '2024-02-12T07:12:16.297Z'
}
{
  message: 'Зашли на страницу с логином',
  level: 'info',
  timestamp: '2024-02-12T07:12:23.113Z'
}
{
  message: 'Сервер запущен на порту 3000',
  level: 'info',
  timestamp: '2024-02-12T07:13:05.239Z'
}
{
  message: 'Зашли на страницу edit post',
  level: 'info',
  timestamp: '2024-02-12T07:13:41.322Z'
}
