{
  message: 'Такой пользователь в базе уже существует.',
  level: 'error',
  timestamp: '2024-02-12T07:01:48.213Z'
}
{
  message: 'Имя или пароль неверный',
  level: 'error',
  timestamp: '2024-03-05T06:33:49.745Z'
}
{
  message: "development 404 Could't get path",
  level: 'error',
  timestamp: '2024-03-12T08:39:40.189Z'
}
{
  message: "development 404 Could't get path",
  level: 'error',
  timestamp: '2024-03-12T08:39:40.195Z'
}
{
  message: "development 404 Could't get path",
  level: 'error',
  timestamp: '2024-03-12T08:39:40.419Z'
}
{
  message: "development 404 Could't get path",
  level: 'error',
  timestamp: '2024-03-12T08:39:40.434Z'
}
{
  message: "development 404 Could't get path",
  level: 'error',
  timestamp: '2024-03-12T08:39:43.280Z'
}
{
  message: "development 404 Could't get path",
  level: 'error',
  timestamp: '2024-03-12T08:39:43.282Z'
}
{
  message: "development 404 Could't get path",
  level: 'error',
  timestamp: '2024-03-12T08:39:43.284Z'
}
{
  message: "development 404 Could't get path",
  level: 'error',
  timestamp: '2024-03-12T08:39:43.285Z'
}
{
  message: "development 404 Could't get path",
  level: 'error',
  timestamp: '2024-03-12T08:39:50.436Z'
}
{
  message: "development 404 Could't get path",
  level: 'error',
  timestamp: '2024-03-12T08:39:50.446Z'
}
{
  message: "development 404 Could't get path",
  level: 'error',
  timestamp: '2024-03-12T08:39:50.450Z'
}
{
  message: "development 404 Could't get path",
  level: 'error',
  timestamp: '2024-03-12T08:39:50.469Z'
}
{
  message: "development 404 Could't get path",
  level: 'error',
  timestamp: '2024-03-17T14:10:15.730Z'
}
{
  message: "development 404 Could't get path",
  level: 'error',
  timestamp: '2024-03-17T14:10:16.183Z'
}
{
  message: "development 404 Could't get path",
  level: 'error',
  timestamp: '2024-03-17T14:10:58.262Z'
}
{
  message: "development 404 Could't get path",
  level: 'error',
  timestamp: '2024-03-17T14:10:58.263Z'
}
{
  message: "development 404 Could't get path",
  level: 'error',
  timestamp: '2024-03-17T14:10:58.264Z'
}
{
  message: "development 404 Could't get path",
  level: 'error',
  timestamp: '2024-03-17T14:10:58.264Z'
}
{
  message: "development 404 Could't get path",
  level: 'error',
  timestamp: '2024-03-17T14:11:06.634Z'
}
{
  message: "development 404 Could't get path",
  level: 'error',
  timestamp: '2024-03-17T14:11:06.641Z'
}
{
  message: "development 404 Could't get path",
  level: 'error',
  timestamp: '2024-03-17T14:11:06.647Z'
}
{
  message: "development 404 Could't get path",
  level: 'error',
  timestamp: '2024-03-17T14:11:06.648Z'
}
{
  message: "development 404 Could't get path",
  level: 'error',
  timestamp: '2024-03-17T14:11:06.649Z'
}
{
  message: "development 404 Could't get path",
  level: 'error',
  timestamp: '2024-03-17T14:11:06.649Z'
}
{
  message: "development 404 Could't get path",
  level: 'error',
  timestamp: '2024-03-17T14:11:17.981Z'
}
{
  message: "development 404 Could't get path",
  level: 'error',
  timestamp: '2024-03-17T14:11:17.998Z'
}
{
  message: "development 404 Could't get path",
  level: 'error',
  timestamp: '2024-03-17T14:11:18.000Z'
}
{
  message: "development 404 Could't get path",
  level: 'error',
  timestamp: '2024-03-17T14:11:18.001Z'
}
{
  message: "development 404 Could't get path",
  level: 'error',
  timestamp: '2024-03-17T14:11:18.002Z'
}
{
  message: "development 404 Could't get path",
  level: 'error',
  timestamp: '2024-03-17T14:11:18.003Z'
}
